18:02:42 **** Incremental Build of configuration Debug for project messingWithADC ****
Info: Internal Builder is used for build
arm-none-eabi-gcc ..\Drivers\STM32F4xx_HAL_Driver\Src\stm32f4xx_hal_flash_ex.c -mcpu=cortex-m4 -std=gnu11 -g3 -DUSE_HAL_DRIVER -DDEBUG -DSTM32F407xx -c -I../Inc -I../Drivers/CMSIS/Include -I../Drivers/STM32F4xx_HAL_Driver/Inc -I../Drivers/CMSIS/Device/ST/STM32F4xx/Include -I../Drivers/STM32F4xx_HAL_Driver/Inc/Legacy -O0 -ffunction-sections -fdata-sections -Wall -fstack-usage --specs=nano.specs -mfpu=fpv4-sp-d16 -mfloat-abi=hard -mthumb -o Drivers\STM32F4xx_HAL_Driver\Src\stm32f4xx_hal_flash_ex.o 
arm-none-eabi-gcc ..\Drivers\STM32F4xx_HAL_Driver\Src\stm32f4xx_hal_cortex.c -mcpu=cortex-m4 -std=gnu11 -g3 -DUSE_HAL_DRIVER -DDEBUG -DSTM32F407xx -c -I../Inc -I../Drivers/CMSIS/Include -I../Drivers/STM32F4xx_HAL_Driver/Inc -I../Drivers/CMSIS/Device/ST/STM32F4xx/Include -I../Drivers/STM32F4xx_HAL_Driver/Inc/Legacy -O0 -ffunction-sections -fdata-sections -Wall -fstack-usage --specs=nano.specs -mfpu=fpv4-sp-d16 -mfloat-abi=hard -mthumb -o Drivers\STM32F4xx_HAL_Driver\Src\stm32f4xx_hal_cortex.o 
arm-none-eabi-gcc ..\Drivers\STM32F4xx_HAL_Driver\Src\stm32f4xx_hal_dma.c -mcpu=cortex-m4 -std=gnu11 -g3 -DUSE_HAL_DRIVER -DDEBUG -DSTM32F407xx -c -I../Inc -I../Drivers/CMSIS/Include -I../Drivers/STM32F4xx_HAL_Driver/Inc -I../Drivers/CMSIS/Device/ST/STM32F4xx/Include -I../Drivers/STM32F4xx_HAL_Driver/Inc/Legacy -O0 -ffunction-sections -fdata-sections -Wall -fstack-usage --specs=nano.specs -mfpu=fpv4-sp-d16 -mfloat-abi=hard -mthumb -o Drivers\STM32F4xx_HAL_Driver\Src\stm32f4xx_hal_dma.o 
arm-none-eabi-gcc ..\Drivers\STM32F4xx_HAL_Driver\Src\stm32f4xx_hal_tim.c -mcpu=cortex-m4 -std=gnu11 -g3 -DUSE_HAL_DRIVER -DDEBUG -DSTM32F407xx -c -I../Inc -I../Drivers/CMSIS/Include -I../Drivers/STM32F4xx_HAL_Driver/Inc -I../Drivers/CMSIS/Device/ST/STM32F4xx/Include -I../Drivers/STM32F4xx_HAL_Driver/Inc/Legacy -O0 -ffunction-sections -fdata-sections -Wall -fstack-usage --specs=nano.specs -mfpu=fpv4-sp-d16 -mfloat-abi=hard -mthumb -o Drivers\STM32F4xx_HAL_Driver\Src\stm32f4xx_hal_tim.o 
arm-none-eabi-gcc ..\Drivers\STM32F4xx_HAL_Driver\Src\stm32f4xx_hal_adc_ex.c -mcpu=cortex-m4 -std=gnu11 -g3 -DUSE_HAL_DRIVER -DDEBUG -DSTM32F407xx -c -I../Inc -I../Drivers/CMSIS/Include -I../Drivers/STM32F4xx_HAL_Driver/Inc -I../Drivers/CMSIS/Device/ST/STM32F4xx/Include -I../Drivers/STM32F4xx_HAL_Driver/Inc/Legacy -O0 -ffunction-sections -fdata-sections -Wall -fstack-usage --specs=nano.specs -mfpu=fpv4-sp-d16 -mfloat-abi=hard -mthumb -o Drivers\STM32F4xx_HAL_Driver\Src\stm32f4xx_hal_adc_ex.o 
arm-none-eabi-gcc ..\Drivers\STM32F4xx_HAL_Driver\Src\stm32f4xx_hal_pwr.c -mcpu=cortex-m4 -std=gnu11 -g3 -DUSE_HAL_DRIVER -DDEBUG -DSTM32F407xx -c -I../Inc -I../Drivers/CMSIS/Include -I../Drivers/STM32F4xx_HAL_Driver/Inc -I../Drivers/CMSIS/Device/ST/STM32F4xx/Include -I../Drivers/STM32F4xx_HAL_Driver/Inc/Legacy -O0 -ffunction-sections -fdata-sections -Wall -fstack-usage --specs=nano.specs -mfpu=fpv4-sp-d16 -mfloat-abi=hard -mthumb -o Drivers\STM32F4xx_HAL_Driver\Src\stm32f4xx_hal_pwr.o 
arm-none-eabi-gcc ..\Src\system_stm32f4xx.c -mcpu=cortex-m4 -std=gnu11 -g3 -DUSE_HAL_DRIVER -DDEBUG -DSTM32F407xx -c -I../Inc -I../Drivers/CMSIS/Include -I../Drivers/STM32F4xx_HAL_Driver/Inc -I../Drivers/CMSIS/Device/ST/STM32F4xx/Include -I../Drivers/STM32F4xx_HAL_Driver/Inc/Legacy -O0 -ffunction-sections -fdata-sections -Wall -fstack-usage --specs=nano.specs -mfpu=fpv4-sp-d16 -mfloat-abi=hard -mthumb -o Src\system_stm32f4xx.o 
arm-none-eabi-gcc ..\Drivers\STM32F4xx_HAL_Driver\Src\stm32f4xx_hal_adc.c -mcpu=cortex-m4 -std=gnu11 -g3 -DUSE_HAL_DRIVER -DDEBUG -DSTM32F407xx -c -I../Inc -I../Drivers/CMSIS/Include -I../Drivers/STM32F4xx_HAL_Driver/Inc -I../Drivers/CMSIS/Device/ST/STM32F4xx/Include -I../Drivers/STM32F4xx_HAL_Driver/Inc/Legacy -O0 -ffunction-sections -fdata-sections -Wall -fstack-usage --specs=nano.specs -mfpu=fpv4-sp-d16 -mfloat-abi=hard -mthumb -o Drivers\STM32F4xx_HAL_Driver\Src\stm32f4xx_hal_adc.o 
arm-none-eabi-gcc ..\Drivers\STM32F4xx_HAL_Driver\Src\stm32f4xx_hal_dac_ex.c -mcpu=cortex-m4 -std=gnu11 -g3 -DUSE_HAL_DRIVER -DDEBUG -DSTM32F407xx -c -I../Inc -I../Drivers/CMSIS/Include -I../Drivers/STM32F4xx_HAL_Driver/Inc -I../Drivers/CMSIS/Device/ST/STM32F4xx/Include -I../Drivers/STM32F4xx_HAL_Driver/Inc/Legacy -O0 -ffunction-sections -fdata-sections -Wall -fstack-usage --specs=nano.specs -mfpu=fpv4-sp-d16 -mfloat-abi=hard -mthumb -o Drivers\STM32F4xx_HAL_Driver\Src\stm32f4xx_hal_dac_ex.o 
arm-none-eabi-gcc ..\Drivers\STM32F4xx_HAL_Driver\Src\stm32f4xx_hal_rcc.c -mcpu=cortex-m4 -std=gnu11 -g3 -DUSE_HAL_DRIVER -DDEBUG -DSTM32F407xx -c -I../Inc -I../Drivers/CMSIS/Include -I../Drivers/STM32F4xx_HAL_Driver/Inc -I../Drivers/CMSIS/Device/ST/STM32F4xx/Include -I../Drivers/STM32F4xx_HAL_Driver/Inc/Legacy -O0 -ffunction-sections -fdata-sections -Wall -fstack-usage --specs=nano.specs -mfpu=fpv4-sp-d16 -mfloat-abi=hard -mthumb -o Drivers\STM32F4xx_HAL_Driver\Src\stm32f4xx_hal_rcc.o 
arm-none-eabi-gcc ..\Drivers\STM32F4xx_HAL_Driver\Src\stm32f4xx_hal_exti.c -mcpu=cortex-m4 -std=gnu11 -g3 -DUSE_HAL_DRIVER -DDEBUG -DSTM32F407xx -c -I../Inc -I../Drivers/CMSIS/Include -I../Drivers/STM32F4xx_HAL_Driver/Inc -I../Drivers/CMSIS/Device/ST/STM32F4xx/Include -I../Drivers/STM32F4xx_HAL_Driver/Inc/Legacy -O0 -ffunction-sections -fdata-sections -Wall -fstack-usage --specs=nano.specs -mfpu=fpv4-sp-d16 -mfloat-abi=hard -mthumb -o Drivers\STM32F4xx_HAL_Driver\Src\stm32f4xx_hal_exti.o 
arm-none-eabi-gcc ..\Drivers\STM32F4xx_HAL_Driver\Src\stm32f4xx_hal_flash_ramfunc.c -mcpu=cortex-m4 -std=gnu11 -g3 -DUSE_HAL_DRIVER -DDEBUG -DSTM32F407xx -c -I../Inc -I../Drivers/CMSIS/Include -I../Drivers/STM32F4xx_HAL_Driver/Inc -I../Drivers/CMSIS/Device/ST/STM32F4xx/Include -I../Drivers/STM32F4xx_HAL_Driver/Inc/Legacy -O0 -ffunction-sections -fdata-sections -Wall -fstack-usage --specs=nano.specs -mfpu=fpv4-sp-d16 -mfloat-abi=hard -mthumb -o Drivers\STM32F4xx_HAL_Driver\Src\stm32f4xx_hal_flash_ramfunc.o 
arm-none-eabi-gcc ..\Src\main.c -mcpu=cortex-m4 -std=gnu11 -g3 -DUSE_HAL_DRIVER -DDEBUG -DSTM32F407xx -c -I../Inc -I../Drivers/CMSIS/Include -I../Drivers/STM32F4xx_HAL_Driver/Inc -I../Drivers/CMSIS/Device/ST/STM32F4xx/Include -I../Drivers/STM32F4xx_HAL_Driver/Inc/Legacy -O0 -ffunction-sections -fdata-sections -Wall -fstack-usage --specs=nano.specs -mfpu=fpv4-sp-d16 -mfloat-abi=hard -mthumb -o Src\main.o 
arm-none-eabi-gcc ..\Drivers\STM32F4xx_HAL_Driver\Src\stm32f4xx_hal.c -mcpu=cortex-m4 -std=gnu11 -g3 -DUSE_HAL_DRIVER -DDEBUG -DSTM32F407xx -c -I../Inc -I../Drivers/CMSIS/Include -I../Drivers/STM32F4xx_HAL_Driver/Inc -I../Drivers/CMSIS/Device/ST/STM32F4xx/Include -I../Drivers/STM32F4xx_HAL_Driver/Inc/Legacy -O0 -ffunction-sections -fdata-sections -Wall -fstack-usage --specs=nano.specs -mfpu=fpv4-sp-d16 -mfloat-abi=hard -mthumb -o Drivers\STM32F4xx_HAL_Driver\Src\stm32f4xx_hal.o 
arm-none-eabi-gcc ..\Drivers\STM32F4xx_HAL_Driver\Src\stm32f4xx_hal_tim_ex.c -mcpu=cortex-m4 -std=gnu11 -g3 -DUSE_HAL_DRIVER -DDEBUG -DSTM32F407xx -c -I../Inc -I../Drivers/CMSIS/Include -I../Drivers/STM32F4xx_HAL_Driver/Inc -I../Drivers/CMSIS/Device/ST/STM32F4xx/Include -I../Drivers/STM32F4xx_HAL_Driver/Inc/Legacy -O0 -ffunction-sections -fdata-sections -Wall -fstack-usage --specs=nano.specs -mfpu=fpv4-sp-d16 -mfloat-abi=hard -mthumb -o Drivers\STM32F4xx_HAL_Driver\Src\stm32f4xx_hal_tim_ex.o 
arm-none-eabi-gcc ..\Drivers\STM32F4xx_HAL_Driver\Src\stm32f4xx_hal_pwr_ex.c -mcpu=cortex-m4 -std=gnu11 -g3 -DUSE_HAL_DRIVER -DDEBUG -DSTM32F407xx -c -I../Inc -I../Drivers/CMSIS/Include -I../Drivers/STM32F4xx_HAL_Driver/Inc -I../Drivers/CMSIS/Device/ST/STM32F4xx/Include -I../Drivers/STM32F4xx_HAL_Driver/Inc/Legacy -O0 -ffunction-sections -fdata-sections -Wall -fstack-usage --specs=nano.specs -mfpu=fpv4-sp-d16 -mfloat-abi=hard -mthumb -o Drivers\STM32F4xx_HAL_Driver\Src\stm32f4xx_hal_pwr_ex.o 
arm-none-eabi-gcc ..\Drivers\STM32F4xx_HAL_Driver\Src\stm32f4xx_hal_dma_ex.c -mcpu=cortex-m4 -std=gnu11 -g3 -DUSE_HAL_DRIVER -DDEBUG -DSTM32F407xx -c -I../Inc -I../Drivers/CMSIS/Include -I../Drivers/STM32F4xx_HAL_Driver/Inc -I../Drivers/CMSIS/Device/ST/STM32F4xx/Include -I../Drivers/STM32F4xx_HAL_Driver/Inc/Legacy -O0 -ffunction-sections -fdata-sections -Wall -fstack-usage --specs=nano.specs -mfpu=fpv4-sp-d16 -mfloat-abi=hard -mthumb -o Drivers\STM32F4xx_HAL_Driver\Src\stm32f4xx_hal_dma_ex.o 
arm-none-eabi-gcc -mcpu=cortex-m4 -g3 -c -x assembler-with-cpp --specs=nano.specs -mfpu=fpv4-sp-d16 -mfloat-abi=hard -mthumb -o Startup\startup_stm32f407vgtx.o ..\Startup\startup_stm32f407vgtx.s 
arm-none-eabi-gcc ..\Drivers\STM32F4xx_HAL_Driver\Src\stm32f4xx_hal_rcc_ex.c -mcpu=cortex-m4 -std=gnu11 -g3 -DUSE_HAL_DRIVER -DDEBUG -DSTM32F407xx -c -I../Inc -I../Drivers/CMSIS/Include -I../Drivers/STM32F4xx_HAL_Driver/Inc -I../Drivers/CMSIS/Device/ST/STM32F4xx/Include -I../Drivers/STM32F4xx_HAL_Driver/Inc/Legacy -O0 -ffunction-sections -fdata-sections -Wall -fstack-usage --specs=nano.specs -mfpu=fpv4-sp-d16 -mfloat-abi=hard -mthumb -o Drivers\STM32F4xx_HAL_Driver\Src\stm32f4xx_hal_rcc_ex.o 
arm-none-eabi-gcc ..\Src\sysmem.c -mcpu=cortex-m4 -std=gnu11 -g3 -DUSE_HAL_DRIVER -DDEBUG -DSTM32F407xx -c -I../Inc -I../Drivers/CMSIS/Include -I../Drivers/STM32F4xx_HAL_Driver/Inc -I../Drivers/CMSIS/Device/ST/STM32F4xx/Include -I../Drivers/STM32F4xx_HAL_Driver/Inc/Legacy -O0 -ffunction-sections -fdata-sections -Wall -fstack-usage --specs=nano.specs -mfpu=fpv4-sp-d16 -mfloat-abi=hard -mthumb -o Src\sysmem.o 
arm-none-eabi-gcc ..\Drivers\STM32F4xx_HAL_Driver\Src\stm32f4xx_hal_flash.c -mcpu=cortex-m4 -std=gnu11 -g3 -DUSE_HAL_DRIVER -DDEBUG -DSTM32F407xx -c -I../Inc -I../Drivers/CMSIS/Include -I../Drivers/STM32F4xx_HAL_Driver/Inc -I../Drivers/CMSIS/Device/ST/STM32F4xx/Include -I../Drivers/STM32F4xx_HAL_Driver/Inc/Legacy -O0 -ffunction-sections -fdata-sections -Wall -fstack-usage --specs=nano.specs -mfpu=fpv4-sp-d16 -mfloat-abi=hard -mthumb -o Drivers\STM32F4xx_HAL_Driver\Src\stm32f4xx_hal_flash.o 
arm-none-eabi-gcc ..\Src\stm32f4xx_it.c -mcpu=cortex-m4 -std=gnu11 -g3 -DUSE_HAL_DRIVER -DDEBUG -DSTM32F407xx -c -I../Inc -I../Drivers/CMSIS/Include -I../Drivers/STM32F4xx_HAL_Driver/Inc -I../Drivers/CMSIS/Device/ST/STM32F4xx/Include -I../Drivers/STM32F4xx_HAL_Driver/Inc/Legacy -O0 -ffunction-sections -fdata-sections -Wall -fstack-usage --specs=nano.specs -mfpu=fpv4-sp-d16 -mfloat-abi=hard -mthumb -o Src\stm32f4xx_it.o 
arm-none-eabi-gcc ..\Src\syscalls.c -mcpu=cortex-m4 -std=gnu11 -g3 -DUSE_HAL_DRIVER -DDEBUG -DSTM32F407xx -c -I../Inc -I../Drivers/CMSIS/Include -I../Drivers/STM32F4xx_HAL_Driver/Inc -I../Drivers/CMSIS/Device/ST/STM32F4xx/Include -I../Drivers/STM32F4xx_HAL_Driver/Inc/Legacy -O0 -ffunction-sections -fdata-sections -Wall -fstack-usage --specs=nano.specs -mfpu=fpv4-sp-d16 -mfloat-abi=hard -mthumb -o Src\syscalls.o 
arm-none-eabi-gcc ..\Drivers\STM32F4xx_HAL_Driver\Src\stm32f4xx_hal_dac.c -mcpu=cortex-m4 -std=gnu11 -g3 -DUSE_HAL_DRIVER -DDEBUG -DSTM32F407xx -c -I../Inc -I../Drivers/CMSIS/Include -I../Drivers/STM32F4xx_HAL_Driver/Inc -I../Drivers/CMSIS/Device/ST/STM32F4xx/Include -I../Drivers/STM32F4xx_HAL_Driver/Inc/Legacy -O0 -ffunction-sections -fdata-sections -Wall -fstack-usage --specs=nano.specs -mfpu=fpv4-sp-d16 -mfloat-abi=hard -mthumb -o Drivers\STM32F4xx_HAL_Driver\Src\stm32f4xx_hal_dac.o 
arm-none-eabi-gcc ..\Src\stm32f4xx_hal_msp.c -mcpu=cortex-m4 -std=gnu11 -g3 -DUSE_HAL_DRIVER -DDEBUG -DSTM32F407xx -c -I../Inc -I../Drivers/CMSIS/Include -I../Drivers/STM32F4xx_HAL_Driver/Inc -I../Drivers/CMSIS/Device/ST/STM32F4xx/Include -I../Drivers/STM32F4xx_HAL_Driver/Inc/Legacy -O0 -ffunction-sections -fdata-sections -Wall -fstack-usage --specs=nano.specs -mfpu=fpv4-sp-d16 -mfloat-abi=hard -mthumb -o Src\stm32f4xx_hal_msp.o 
arm-none-eabi-gcc ..\Drivers\STM32F4xx_HAL_Driver\Src\stm32f4xx_hal_gpio.c -mcpu=cortex-m4 -std=gnu11 -g3 -DUSE_HAL_DRIVER -DDEBUG -DSTM32F407xx -c -I../Inc -I../Drivers/CMSIS/Include -I../Drivers/STM32F4xx_HAL_Driver/Inc -I../Drivers/CMSIS/Device/ST/STM32F4xx/Include -I../Drivers/STM32F4xx_HAL_Driver/Inc/Legacy -O0 -ffunction-sections -fdata-sections -Wall -fstack-usage --specs=nano.specs -mfpu=fpv4-sp-d16 -mfloat-abi=hard -mthumb -o Drivers\STM32F4xx_HAL_Driver\Src\stm32f4xx_hal_gpio.o 
arm-none-eabi-gcc -o messingWithADC.elf Drivers\STM32F4xx_HAL_Driver\Src\stm32f4xx_hal.o Drivers\STM32F4xx_HAL_Driver\Src\stm32f4xx_hal_adc.o Drivers\STM32F4xx_HAL_Driver\Src\stm32f4xx_hal_adc_ex.o Drivers\STM32F4xx_HAL_Driver\Src\stm32f4xx_hal_cortex.o Drivers\STM32F4xx_HAL_Driver\Src\stm32f4xx_hal_dac.o Drivers\STM32F4xx_HAL_Driver\Src\stm32f4xx_hal_dac_ex.o Drivers\STM32F4xx_HAL_Driver\Src\stm32f4xx_hal_dma.o Drivers\STM32F4xx_HAL_Driver\Src\stm32f4xx_hal_dma_ex.o Drivers\STM32F4xx_HAL_Driver\Src\stm32f4xx_hal_exti.o Drivers\STM32F4xx_HAL_Driver\Src\stm32f4xx_hal_flash.o Drivers\STM32F4xx_HAL_Driver\Src\stm32f4xx_hal_flash_ex.o Drivers\STM32F4xx_HAL_Driver\Src\stm32f4xx_hal_flash_ramfunc.o Drivers\STM32F4xx_HAL_Driver\Src\stm32f4xx_hal_gpio.o Drivers\STM32F4xx_HAL_Driver\Src\stm32f4xx_hal_pwr.o Drivers\STM32F4xx_HAL_Driver\Src\stm32f4xx_hal_pwr_ex.o Drivers\STM32F4xx_HAL_Driver\Src\stm32f4xx_hal_rcc.o Drivers\STM32F4xx_HAL_Driver\Src\stm32f4xx_hal_rcc_ex.o Drivers\STM32F4xx_HAL_Driver\Src\stm32f4xx_hal_tim.o Drivers\STM32F4xx_HAL_Driver\Src\stm32f4xx_hal_tim_ex.o Src\main.o Src\stm32f4xx_hal_msp.o Src\stm32f4xx_it.o Src\syscalls.o Src\sysmem.o Src\system_stm32f4xx.o Startup\startup_stm32f407vgtx.o -mcpu=cortex-m4 -T\\AD.UILLINOIS.EDU\engr-ews\palella2\documents\ECE395_palella2\workspace\messingWithADC\STM32F407VGTX_FLASH.ld --specs=nosys.specs -Wl,-Map=messingWithADC.map -Wl,--gc-sections -static --specs=nano.specs -mfpu=fpv4-sp-d16 -mfloat-abi=hard -mthumb -Wl,--start-group -lc -lm -Wl,--end-group 
Info: Parallel threads used: 4
18:52:15 **** Incremental Build of configuration Debug for project SineGenerate ****
Info: Internal Builder is used for build
Info: Parallel threads used: 0
18:52:17 **** Incremental Build of configuration Debug for project messingWithADC ****
Info: Internal Builder is used for build
arm-none-eabi-gcc ..\Src\main.c -mcpu=cortex-m4 -std=gnu11 -g3 -DUSE_HAL_DRIVER -DDEBUG -DSTM32F407xx -c -I../Inc -I../Drivers/CMSIS/Include -I../Drivers/STM32F4xx_HAL_Driver/Inc -I../Drivers/CMSIS/Device/ST/STM32F4xx/Include -I../Drivers/STM32F4xx_HAL_Driver/Inc/Legacy -O0 -ffunction-sections -fdata-sections -Wall -fstack-usage --specs=nano.specs -mfpu=fpv4-sp-d16 -mfloat-abi=hard -mthumb -o Src\main.o 
..\Src\main.c: In function 'processDSP':
..\Src\main.c:108:3: error: 'outbufptr' undeclared (first use in this function); did you mean 'outbuffptr'?
   outbufptr[n] = inbufptr[n];
   ^~~~~~~~~
   outbuffptr
..\Src\main.c:108:3: note: each undeclared identifier is reported only once for each function it appears in
..\Src\main.c:108:18: error: 'inbufptr' undeclared (first use in this function); did you mean 'inbuffptr'?
   outbufptr[n] = inbufptr[n];
                  ^~~~~~~~
                  inbuffptr
..\Src\main.c: In function 'main':
..\Src\main.c:150:3: warning: implicit declaration of function 'HAL_ADC_START_DMA'; did you mean 'HAL_ADC_Stop_DMA'? [-Wimplicit-function-declaration]
   HAL_ADC_START_DMA(&hadc1, (unit32_t *) adc_val, FULLBUFFERSIZE);
   ^~~~~~~~~~~~~~~~~
   HAL_ADC_Stop_DMA
..\Src\main.c:150:30: error: 'unit32_t' undeclared (first use in this function); did you mean 'uint32_t'?
   HAL_ADC_START_DMA(&hadc1, (unit32_t *) adc_val, FULLBUFFERSIZE);
                              ^~~~~~~~
                              uint32_t
..\Src\main.c:150:40: error: expected expression before ')' token
   HAL_ADC_START_DMA(&hadc1, (unit32_t *) adc_val, FULLBUFFERSIZE);
                                        ^
..\Src\main.c:151:3: warning: implicit declaration of function 'HAL_DAC_START_DMA'; did you mean 'HAL_DAC_Stop_DMA'? [-Wimplicit-function-declaration]
   HAL_DAC_START_DMA(&hdac, DAC_CHANNEL_1, (uint32_t *) dac_val, FULLBUFFERSIZE, DAC_ALIGN_12B_R);
   ^~~~~~~~~~~~~~~~~
   HAL_DAC_Stop_DMA
Info: Parallel threads used: 1
18:54:05 **** Incremental Build of configuration Debug for project SineGenerate ****
Info: Internal Builder is used for build
Info: Parallel threads used: 0
18:54:07 **** Incremental Build of configuration Debug for project messingWithADC ****
Info: Internal Builder is used for build
arm-none-eabi-gcc ..\Src\main.c -mcpu=cortex-m4 -std=gnu11 -g3 -DUSE_HAL_DRIVER -DDEBUG -DSTM32F407xx -c -I../Inc -I../Drivers/CMSIS/Include -I../Drivers/STM32F4xx_HAL_Driver/Inc -I../Drivers/CMSIS/Device/ST/STM32F4xx/Include -I../Drivers/STM32F4xx_HAL_Driver/Inc/Legacy -O0 -ffunction-sections -fdata-sections -Wall -fstack-usage --specs=nano.specs -mfpu=fpv4-sp-d16 -mfloat-abi=hard -mthumb -o Src\main.o 
..\Src\main.c: In function 'main':
..\Src\main.c:150:3: warning: implicit declaration of function 'HAL_ADC_START_DMA'; did you mean 'HAL_ADC_Stop_DMA'? [-Wimplicit-function-declaration]
   HAL_ADC_START_DMA(&hadc1, (uint32_t *) adc_val, FULLBUFFERSIZE);
   ^~~~~~~~~~~~~~~~~
   HAL_ADC_Stop_DMA
..\Src\main.c:151:3: warning: implicit declaration of function 'HAL_DAC_START_DMA'; did you mean 'HAL_DAC_Stop_DMA'? [-Wimplicit-function-declaration]
   HAL_DAC_START_DMA(&hdac, DAC_CHANNEL_1, (uint32_t *) dac_val, FULLBUFFERSIZE, DAC_ALIGN_12B_R);
   ^~~~~~~~~~~~~~~~~
   HAL_DAC_Stop_DMA
arm-none-eabi-gcc -o messingWithADC.elf Drivers\STM32F4xx_HAL_Driver\Src\stm32f4xx_hal.o Drivers\STM32F4xx_HAL_Driver\Src\stm32f4xx_hal_adc.o Drivers\STM32F4xx_HAL_Driver\Src\stm32f4xx_hal_adc_ex.o Drivers\STM32F4xx_HAL_Driver\Src\stm32f4xx_hal_cortex.o Drivers\STM32F4xx_HAL_Driver\Src\stm32f4xx_hal_dac.o Drivers\STM32F4xx_HAL_Driver\Src\stm32f4xx_hal_dac_ex.o Drivers\STM32F4xx_HAL_Driver\Src\stm32f4xx_hal_dma.o Drivers\STM32F4xx_HAL_Driver\Src\stm32f4xx_hal_dma_ex.o Drivers\STM32F4xx_HAL_Driver\Src\stm32f4xx_hal_exti.o Drivers\STM32F4xx_HAL_Driver\Src\stm32f4xx_hal_flash.o Drivers\STM32F4xx_HAL_Driver\Src\stm32f4xx_hal_flash_ex.o Drivers\STM32F4xx_HAL_Driver\Src\stm32f4xx_hal_flash_ramfunc.o Drivers\STM32F4xx_HAL_Driver\Src\stm32f4xx_hal_gpio.o Drivers\STM32F4xx_HAL_Driver\Src\stm32f4xx_hal_pwr.o Drivers\STM32F4xx_HAL_Driver\Src\stm32f4xx_hal_pwr_ex.o Drivers\STM32F4xx_HAL_Driver\Src\stm32f4xx_hal_rcc.o Drivers\STM32F4xx_HAL_Driver\Src\stm32f4xx_hal_rcc_ex.o Drivers\STM32F4xx_HAL_Driver\Src\stm32f4xx_hal_tim.o Drivers\STM32F4xx_HAL_Driver\Src\stm32f4xx_hal_tim_ex.o Src\main.o Src\stm32f4xx_hal_msp.o Src\stm32f4xx_it.o Src\syscalls.o Src\sysmem.o Src\system_stm32f4xx.o Startup\startup_stm32f407vgtx.o -mcpu=cortex-m4 -T\\AD.UILLINOIS.EDU\engr-ews\palella2\documents\ECE395_palella2\workspace\messingWithADC\STM32F407VGTX_FLASH.ld --specs=nosys.specs -Wl,-Map=messingWithADC.map -Wl,--gc-sections -static --specs=nano.specs -mfpu=fpv4-sp-d16 -mfloat-abi=hard -mthumb -Wl,--start-group -lc -lm -Wl,--end-group 
Src\main.o: In function `main':
//AD.UILLINOIS.EDU/engr-ews/palella2/documents/ECE395_palella2/workspace/messingWithADC/Debug/..\Src/main.c:150: undefined reference to `HAL_ADC_START_DMA'
//AD.UILLINOIS.EDU/engr-ews/palella2/documents/ECE395_palella2/workspace/messingWithADC/Debug/..\Src/main.c:151: undefined reference to `HAL_DAC_START_DMA'
collect2.exe: error: ld returned 1 exit status
Info: Parallel threads used: 1
18:54:50 **** Incremental Build of configuration Debug for project SineGenerate ****
Info: Internal Builder is used for build
Info: Parallel threads used: 0
18:54:52 **** Incremental Build of configuration Debug for project messingWithADC ****
Info: Internal Builder is used for build
arm-none-eabi-gcc ..\Src\main.c -mcpu=cortex-m4 -std=gnu11 -g3 -DUSE_HAL_DRIVER -DDEBUG -DSTM32F407xx -c -I../Inc -I../Drivers/CMSIS/Include -I../Drivers/STM32F4xx_HAL_Driver/Inc -I../Drivers/CMSIS/Device/ST/STM32F4xx/Include -I../Drivers/STM32F4xx_HAL_Driver/Inc/Legacy -O0 -ffunction-sections -fdata-sections -Wall -fstack-usage --specs=nano.specs -mfpu=fpv4-sp-d16 -mfloat-abi=hard -mthumb -o Src\main.o 
arm-none-eabi-gcc -o messingWithADC.elf Drivers\STM32F4xx_HAL_Driver\Src\stm32f4xx_hal.o Drivers\STM32F4xx_HAL_Driver\Src\stm32f4xx_hal_adc.o Drivers\STM32F4xx_HAL_Driver\Src\stm32f4xx_hal_adc_ex.o Drivers\STM32F4xx_HAL_Driver\Src\stm32f4xx_hal_cortex.o Drivers\STM32F4xx_HAL_Driver\Src\stm32f4xx_hal_dac.o Drivers\STM32F4xx_HAL_Driver\Src\stm32f4xx_hal_dac_ex.o Drivers\STM32F4xx_HAL_Driver\Src\stm32f4xx_hal_dma.o Drivers\STM32F4xx_HAL_Driver\Src\stm32f4xx_hal_dma_ex.o Drivers\STM32F4xx_HAL_Driver\Src\stm32f4xx_hal_exti.o Drivers\STM32F4xx_HAL_Driver\Src\stm32f4xx_hal_flash.o Drivers\STM32F4xx_HAL_Driver\Src\stm32f4xx_hal_flash_ex.o Drivers\STM32F4xx_HAL_Driver\Src\stm32f4xx_hal_flash_ramfunc.o Drivers\STM32F4xx_HAL_Driver\Src\stm32f4xx_hal_gpio.o Drivers\STM32F4xx_HAL_Driver\Src\stm32f4xx_hal_pwr.o Drivers\STM32F4xx_HAL_Driver\Src\stm32f4xx_hal_pwr_ex.o Drivers\STM32F4xx_HAL_Driver\Src\stm32f4xx_hal_rcc.o Drivers\STM32F4xx_HAL_Driver\Src\stm32f4xx_hal_rcc_ex.o Drivers\STM32F4xx_HAL_Driver\Src\stm32f4xx_hal_tim.o Drivers\STM32F4xx_HAL_Driver\Src\stm32f4xx_hal_tim_ex.o Src\main.o Src\stm32f4xx_hal_msp.o Src\stm32f4xx_it.o Src\syscalls.o Src\sysmem.o Src\system_stm32f4xx.o Startup\startup_stm32f407vgtx.o -mcpu=cortex-m4 -T\\AD.UILLINOIS.EDU\engr-ews\palella2\documents\ECE395_palella2\workspace\messingWithADC\STM32F407VGTX_FLASH.ld --specs=nosys.specs -Wl,-Map=messingWithADC.map -Wl,--gc-sections -static --specs=nano.specs -mfpu=fpv4-sp-d16 -mfloat-abi=hard -mthumb -Wl,--start-group -lc -lm -Wl,--end-group 
Info: Parallel threads used: 1
19:03:06 **** Incremental Build of configuration Debug for project SineGenerate ****
Info: Internal Builder is used for build
Info: Parallel threads used: 0
19:03:07 **** Incremental Build of configuration Debug for project messingWithADC ****
Info: Internal Builder is used for build
Info: Parallel threads used: 0
19:03:26 **** Incremental Build of configuration Debug for project messingWithADC ****
Info: Internal Builder is used for build
Info: Parallel threads used: 0
19:03:53 **** Incremental Build of configuration Debug for project messingWithADC ****
Info: Internal Builder is used for build
Info: Parallel threads used: 0
19:22:53 **** Incremental Build of configuration Debug for project SineGenerate ****
Info: Internal Builder is used for build
Info: Parallel threads used: 0
19:22:55 **** Incremental Build of configuration Debug for project messingWithADC ****
Info: Internal Builder is used for build
arm-none-eabi-gcc ..\Drivers\STM32F4xx_HAL_Driver\Src\stm32f4xx_hal_pwr.c -mcpu=cortex-m4 -std=gnu11 -g3 -DUSE_HAL_DRIVER -DDEBUG -DSTM32F407xx -c -I../Inc -I../Drivers/CMSIS/Include -I../Drivers/STM32F4xx_HAL_Driver/Inc -I../Drivers/CMSIS/Device/ST/STM32F4xx/Include -I../Drivers/STM32F4xx_HAL_Driver/Inc/Legacy -O0 -ffunction-sections -fdata-sections -Wall -fstack-usage --specs=nano.specs -mfpu=fpv4-sp-d16 -mfloat-abi=hard -mthumb -o Drivers\STM32F4xx_HAL_Driver\Src\stm32f4xx_hal_pwr.o 
arm-none-eabi-gcc ..\Drivers\STM32F4xx_HAL_Driver\Src\stm32f4xx_hal_flash_ramfunc.c -mcpu=cortex-m4 -std=gnu11 -g3 -DUSE_HAL_DRIVER -DDEBUG -DSTM32F407xx -c -I../Inc -I../Drivers/CMSIS/Include -I../Drivers/STM32F4xx_HAL_Driver/Inc -I../Drivers/CMSIS/Device/ST/STM32F4xx/Include -I../Drivers/STM32F4xx_HAL_Driver/Inc/Legacy -O0 -ffunction-sections -fdata-sections -Wall -fstack-usage --specs=nano.specs -mfpu=fpv4-sp-d16 -mfloat-abi=hard -mthumb -o Drivers\STM32F4xx_HAL_Driver\Src\stm32f4xx_hal_flash_ramfunc.o 
arm-none-eabi-gcc ..\Src\system_stm32f4xx.c -mcpu=cortex-m4 -std=gnu11 -g3 -DUSE_HAL_DRIVER -DDEBUG -DSTM32F407xx -c -I../Inc -I../Drivers/CMSIS/Include -I../Drivers/STM32F4xx_HAL_Driver/Inc -I../Drivers/CMSIS/Device/ST/STM32F4xx/Include -I../Drivers/STM32F4xx_HAL_Driver/Inc/Legacy -O0 -ffunction-sections -fdata-sections -Wall -fstack-usage --specs=nano.specs -mfpu=fpv4-sp-d16 -mfloat-abi=hard -mthumb -o Src\system_stm32f4xx.o 
arm-none-eabi-gcc ..\Drivers\STM32F4xx_HAL_Driver\Src\stm32f4xx_hal_dac.c -mcpu=cortex-m4 -std=gnu11 -g3 -DUSE_HAL_DRIVER -DDEBUG -DSTM32F407xx -c -I../Inc -I../Drivers/CMSIS/Include -I../Drivers/STM32F4xx_HAL_Driver/Inc -I../Drivers/CMSIS/Device/ST/STM32F4xx/Include -I../Drivers/STM32F4xx_HAL_Driver/Inc/Legacy -O0 -ffunction-sections -fdata-sections -Wall -fstack-usage --specs=nano.specs -mfpu=fpv4-sp-d16 -mfloat-abi=hard -mthumb -o Drivers\STM32F4xx_HAL_Driver\Src\stm32f4xx_hal_dac.o 
arm-none-eabi-gcc ..\Drivers\STM32F4xx_HAL_Driver\Src\stm32f4xx_hal_cortex.c -mcpu=cortex-m4 -std=gnu11 -g3 -DUSE_HAL_DRIVER -DDEBUG -DSTM32F407xx -c -I../Inc -I../Drivers/CMSIS/Include -I../Drivers/STM32F4xx_HAL_Driver/Inc -I../Drivers/CMSIS/Device/ST/STM32F4xx/Include -I../Drivers/STM32F4xx_HAL_Driver/Inc/Legacy -O0 -ffunction-sections -fdata-sections -Wall -fstack-usage --specs=nano.specs -mfpu=fpv4-sp-d16 -mfloat-abi=hard -mthumb -o Drivers\STM32F4xx_HAL_Driver\Src\stm32f4xx_hal_cortex.o 
arm-none-eabi-gcc ..\Drivers\STM32F4xx_HAL_Driver\Src\stm32f4xx_hal_flash_ex.c -mcpu=cortex-m4 -std=gnu11 -g3 -DUSE_HAL_DRIVER -DDEBUG -DSTM32F407xx -c -I../Inc -I../Drivers/CMSIS/Include -I../Drivers/STM32F4xx_HAL_Driver/Inc -I../Drivers/CMSIS/Device/ST/STM32F4xx/Include -I../Drivers/STM32F4xx_HAL_Driver/Inc/Legacy -O0 -ffunction-sections -fdata-sections -Wall -fstack-usage --specs=nano.specs -mfpu=fpv4-sp-d16 -mfloat-abi=hard -mthumb -o Drivers\STM32F4xx_HAL_Driver\Src\stm32f4xx_hal_flash_ex.o 
arm-none-eabi-gcc ..\Drivers\STM32F4xx_HAL_Driver\Src\stm32f4xx_hal_tim.c -mcpu=cortex-m4 -std=gnu11 -g3 -DUSE_HAL_DRIVER -DDEBUG -DSTM32F407xx -c -I../Inc -I../Drivers/CMSIS/Include -I../Drivers/STM32F4xx_HAL_Driver/Inc -I../Drivers/CMSIS/Device/ST/STM32F4xx/Include -I../Drivers/STM32F4xx_HAL_Driver/Inc/Legacy -O0 -ffunction-sections -fdata-sections -Wall -fstack-usage --specs=nano.specs -mfpu=fpv4-sp-d16 -mfloat-abi=hard -mthumb -o Drivers\STM32F4xx_HAL_Driver\Src\stm32f4xx_hal_tim.o 
arm-none-eabi-gcc ..\Drivers\STM32F4xx_HAL_Driver\Src\stm32f4xx_hal_gpio.c -mcpu=cortex-m4 -std=gnu11 -g3 -DUSE_HAL_DRIVER -DDEBUG -DSTM32F407xx -c -I../Inc -I../Drivers/CMSIS/Include -I../Drivers/STM32F4xx_HAL_Driver/Inc -I../Drivers/CMSIS/Device/ST/STM32F4xx/Include -I../Drivers/STM32F4xx_HAL_Driver/Inc/Legacy -O0 -ffunction-sections -fdata-sections -Wall -fstack-usage --specs=nano.specs -mfpu=fpv4-sp-d16 -mfloat-abi=hard -mthumb -o Drivers\STM32F4xx_HAL_Driver\Src\stm32f4xx_hal_gpio.o 
arm-none-eabi-gcc ..\Src\main.c -mcpu=cortex-m4 -std=gnu11 -g3 -DUSE_HAL_DRIVER -DDEBUG -DSTM32F407xx -c -I../Inc -I../Drivers/CMSIS/Include -I../Drivers/STM32F4xx_HAL_Driver/Inc -I../Drivers/CMSIS/Device/ST/STM32F4xx/Include -I../Drivers/STM32F4xx_HAL_Driver/Inc/Legacy -O0 -ffunction-sections -fdata-sections -Wall -fstack-usage --specs=nano.specs -mfpu=fpv4-sp-d16 -mfloat-abi=hard -mthumb -o Src\main.o 
arm-none-eabi-gcc ..\Drivers\STM32F4xx_HAL_Driver\Src\stm32f4xx_hal_pwr_ex.c -mcpu=cortex-m4 -std=gnu11 -g3 -DUSE_HAL_DRIVER -DDEBUG -DSTM32F407xx -c -I../Inc -I../Drivers/CMSIS/Include -I../Drivers/STM32F4xx_HAL_Driver/Inc -I../Drivers/CMSIS/Device/ST/STM32F4xx/Include -I../Drivers/STM32F4xx_HAL_Driver/Inc/Legacy -O0 -ffunction-sections -fdata-sections -Wall -fstack-usage --specs=nano.specs -mfpu=fpv4-sp-d16 -mfloat-abi=hard -mthumb -o Drivers\STM32F4xx_HAL_Driver\Src\stm32f4xx_hal_pwr_ex.o 
arm-none-eabi-gcc ..\Drivers\STM32F4xx_HAL_Driver\Src\stm32f4xx_hal_dma_ex.c -mcpu=cortex-m4 -std=gnu11 -g3 -DUSE_HAL_DRIVER -DDEBUG -DSTM32F407xx -c -I../Inc -I../Drivers/CMSIS/Include -I../Drivers/STM32F4xx_HAL_Driver/Inc -I../Drivers/CMSIS/Device/ST/STM32F4xx/Include -I../Drivers/STM32F4xx_HAL_Driver/Inc/Legacy -O0 -ffunction-sections -fdata-sections -Wall -fstack-usage --specs=nano.specs -mfpu=fpv4-sp-d16 -mfloat-abi=hard -mthumb -o Drivers\STM32F4xx_HAL_Driver\Src\stm32f4xx_hal_dma_ex.o 
arm-none-eabi-gcc ..\Drivers\STM32F4xx_HAL_Driver\Src\stm32f4xx_hal_rcc.c -mcpu=cortex-m4 -std=gnu11 -g3 -DUSE_HAL_DRIVER -DDEBUG -DSTM32F407xx -c -I../Inc -I../Drivers/CMSIS/Include -I../Drivers/STM32F4xx_HAL_Driver/Inc -I../Drivers/CMSIS/Device/ST/STM32F4xx/Include -I../Drivers/STM32F4xx_HAL_Driver/Inc/Legacy -O0 -ffunction-sections -fdata-sections -Wall -fstack-usage --specs=nano.specs -mfpu=fpv4-sp-d16 -mfloat-abi=hard -mthumb -o Drivers\STM32F4xx_HAL_Driver\Src\stm32f4xx_hal_rcc.o 
arm-none-eabi-gcc ..\Src\stm32f4xx_it.c -mcpu=cortex-m4 -std=gnu11 -g3 -DUSE_HAL_DRIVER -DDEBUG -DSTM32F407xx -c -I../Inc -I../Drivers/CMSIS/Include -I../Drivers/STM32F4xx_HAL_Driver/Inc -I../Drivers/CMSIS/Device/ST/STM32F4xx/Include -I../Drivers/STM32F4xx_HAL_Driver/Inc/Legacy -O0 -ffunction-sections -fdata-sections -Wall -fstack-usage --specs=nano.specs -mfpu=fpv4-sp-d16 -mfloat-abi=hard -mthumb -o Src\stm32f4xx_it.o 
arm-none-eabi-gcc ..\Src\stm32f4xx_hal_msp.c -mcpu=cortex-m4 -std=gnu11 -g3 -DUSE_HAL_DRIVER -DDEBUG -DSTM32F407xx -c -I../Inc -I../Drivers/CMSIS/Include -I../Drivers/STM32F4xx_HAL_Driver/Inc -I../Drivers/CMSIS/Device/ST/STM32F4xx/Include -I../Drivers/STM32F4xx_HAL_Driver/Inc/Legacy -O0 -ffunction-sections -fdata-sections -Wall -fstack-usage --specs=nano.specs -mfpu=fpv4-sp-d16 -mfloat-abi=hard -mthumb -o Src\stm32f4xx_hal_msp.o 
arm-none-eabi-gcc ..\Drivers\STM32F4xx_HAL_Driver\Src\stm32f4xx_hal_adc.c -mcpu=cortex-m4 -std=gnu11 -g3 -DUSE_HAL_DRIVER -DDEBUG -DSTM32F407xx -c -I../Inc -I../Drivers/CMSIS/Include -I../Drivers/STM32F4xx_HAL_Driver/Inc -I../Drivers/CMSIS/Device/ST/STM32F4xx/Include -I../Drivers/STM32F4xx_HAL_Driver/Inc/Legacy -O0 -ffunction-sections -fdata-sections -Wall -fstack-usage --specs=nano.specs -mfpu=fpv4-sp-d16 -mfloat-abi=hard -mthumb -o Drivers\STM32F4xx_HAL_Driver\Src\stm32f4xx_hal_adc.o 
arm-none-eabi-gcc ..\Drivers\STM32F4xx_HAL_Driver\Src\stm32f4xx_hal_rcc_ex.c -mcpu=cortex-m4 -std=gnu11 -g3 -DUSE_HAL_DRIVER -DDEBUG -DSTM32F407xx -c -I../Inc -I../Drivers/CMSIS/Include -I../Drivers/STM32F4xx_HAL_Driver/Inc -I../Drivers/CMSIS/Device/ST/STM32F4xx/Include -I../Drivers/STM32F4xx_HAL_Driver/Inc/Legacy -O0 -ffunction-sections -fdata-sections -Wall -fstack-usage --specs=nano.specs -mfpu=fpv4-sp-d16 -mfloat-abi=hard -mthumb -o Drivers\STM32F4xx_HAL_Driver\Src\stm32f4xx_hal_rcc_ex.o 
arm-none-eabi-gcc ..\Drivers\STM32F4xx_HAL_Driver\Src\stm32f4xx_hal.c -mcpu=cortex-m4 -std=gnu11 -g3 -DUSE_HAL_DRIVER -DDEBUG -DSTM32F407xx -c -I../Inc -I../Drivers/CMSIS/Include -I../Drivers/STM32F4xx_HAL_Driver/Inc -I../Drivers/CMSIS/Device/ST/STM32F4xx/Include -I../Drivers/STM32F4xx_HAL_Driver/Inc/Legacy -O0 -ffunction-sections -fdata-sections -Wall -fstack-usage --specs=nano.specs -mfpu=fpv4-sp-d16 -mfloat-abi=hard -mthumb -o Drivers\STM32F4xx_HAL_Driver\Src\stm32f4xx_hal.o 
arm-none-eabi-gcc -mcpu=cortex-m4 -g3 -c -x assembler-with-cpp --specs=nano.specs -mfpu=fpv4-sp-d16 -mfloat-abi=hard -mthumb -o Startup\startup_stm32f407vgtx.o ..\Startup\startup_stm32f407vgtx.s 
arm-none-eabi-gcc ..\Drivers\STM32F4xx_HAL_Driver\Src\stm32f4xx_hal_dac_ex.c -mcpu=cortex-m4 -std=gnu11 -g3 -DUSE_HAL_DRIVER -DDEBUG -DSTM32F407xx -c -I../Inc -I../Drivers/CMSIS/Include -I../Drivers/STM32F4xx_HAL_Driver/Inc -I../Drivers/CMSIS/Device/ST/STM32F4xx/Include -I../Drivers/STM32F4xx_HAL_Driver/Inc/Legacy -O0 -ffunction-sections -fdata-sections -Wall -fstack-usage --specs=nano.specs -mfpu=fpv4-sp-d16 -mfloat-abi=hard -mthumb -o Drivers\STM32F4xx_HAL_Driver\Src\stm32f4xx_hal_dac_ex.o 
arm-none-eabi-gcc ..\Drivers\STM32F4xx_HAL_Driver\Src\stm32f4xx_hal_flash.c -mcpu=cortex-m4 -std=gnu11 -g3 -DUSE_HAL_DRIVER -DDEBUG -DSTM32F407xx -c -I../Inc -I../Drivers/CMSIS/Include -I../Drivers/STM32F4xx_HAL_Driver/Inc -I../Drivers/CMSIS/Device/ST/STM32F4xx/Include -I../Drivers/STM32F4xx_HAL_Driver/Inc/Legacy -O0 -ffunction-sections -fdata-sections -Wall -fstack-usage --specs=nano.specs -mfpu=fpv4-sp-d16 -mfloat-abi=hard -mthumb -o Drivers\STM32F4xx_HAL_Driver\Src\stm32f4xx_hal_flash.o 
arm-none-eabi-gcc ..\Drivers\STM32F4xx_HAL_Driver\Src\stm32f4xx_hal_adc_ex.c -mcpu=cortex-m4 -std=gnu11 -g3 -DUSE_HAL_DRIVER -DDEBUG -DSTM32F407xx -c -I../Inc -I../Drivers/CMSIS/Include -I../Drivers/STM32F4xx_HAL_Driver/Inc -I../Drivers/CMSIS/Device/ST/STM32F4xx/Include -I../Drivers/STM32F4xx_HAL_Driver/Inc/Legacy -O0 -ffunction-sections -fdata-sections -Wall -fstack-usage --specs=nano.specs -mfpu=fpv4-sp-d16 -mfloat-abi=hard -mthumb -o Drivers\STM32F4xx_HAL_Driver\Src\stm32f4xx_hal_adc_ex.o 
arm-none-eabi-gcc ..\Drivers\STM32F4xx_HAL_Driver\Src\stm32f4xx_hal_tim_ex.c -mcpu=cortex-m4 -std=gnu11 -g3 -DUSE_HAL_DRIVER -DDEBUG -DSTM32F407xx -c -I../Inc -I../Drivers/CMSIS/Include -I../Drivers/STM32F4xx_HAL_Driver/Inc -I../Drivers/CMSIS/Device/ST/STM32F4xx/Include -I../Drivers/STM32F4xx_HAL_Driver/Inc/Legacy -O0 -ffunction-sections -fdata-sections -Wall -fstack-usage --specs=nano.specs -mfpu=fpv4-sp-d16 -mfloat-abi=hard -mthumb -o Drivers\STM32F4xx_HAL_Driver\Src\stm32f4xx_hal_tim_ex.o 
arm-none-eabi-gcc ..\Drivers\STM32F4xx_HAL_Driver\Src\stm32f4xx_hal_exti.c -mcpu=cortex-m4 -std=gnu11 -g3 -DUSE_HAL_DRIVER -DDEBUG -DSTM32F407xx -c -I../Inc -I../Drivers/CMSIS/Include -I../Drivers/STM32F4xx_HAL_Driver/Inc -I../Drivers/CMSIS/Device/ST/STM32F4xx/Include -I../Drivers/STM32F4xx_HAL_Driver/Inc/Legacy -O0 -ffunction-sections -fdata-sections -Wall -fstack-usage --specs=nano.specs -mfpu=fpv4-sp-d16 -mfloat-abi=hard -mthumb -o Drivers\STM32F4xx_HAL_Driver\Src\stm32f4xx_hal_exti.o 
arm-none-eabi-gcc ..\Drivers\STM32F4xx_HAL_Driver\Src\stm32f4xx_hal_dma.c -mcpu=cortex-m4 -std=gnu11 -g3 -DUSE_HAL_DRIVER -DDEBUG -DSTM32F407xx -c -I../Inc -I../Drivers/CMSIS/Include -I../Drivers/STM32F4xx_HAL_Driver/Inc -I../Drivers/CMSIS/Device/ST/STM32F4xx/Include -I../Drivers/STM32F4xx_HAL_Driver/Inc/Legacy -O0 -ffunction-sections -fdata-sections -Wall -fstack-usage --specs=nano.specs -mfpu=fpv4-sp-d16 -mfloat-abi=hard -mthumb -o Drivers\STM32F4xx_HAL_Driver\Src\stm32f4xx_hal_dma.o 
arm-none-eabi-gcc -o messingWithADC.elf Drivers\STM32F4xx_HAL_Driver\Src\stm32f4xx_hal.o Drivers\STM32F4xx_HAL_Driver\Src\stm32f4xx_hal_adc.o Drivers\STM32F4xx_HAL_Driver\Src\stm32f4xx_hal_adc_ex.o Drivers\STM32F4xx_HAL_Driver\Src\stm32f4xx_hal_cortex.o Drivers\STM32F4xx_HAL_Driver\Src\stm32f4xx_hal_dac.o Drivers\STM32F4xx_HAL_Driver\Src\stm32f4xx_hal_dac_ex.o Drivers\STM32F4xx_HAL_Driver\Src\stm32f4xx_hal_dma.o Drivers\STM32F4xx_HAL_Driver\Src\stm32f4xx_hal_dma_ex.o Drivers\STM32F4xx_HAL_Driver\Src\stm32f4xx_hal_exti.o Drivers\STM32F4xx_HAL_Driver\Src\stm32f4xx_hal_flash.o Drivers\STM32F4xx_HAL_Driver\Src\stm32f4xx_hal_flash_ex.o Drivers\STM32F4xx_HAL_Driver\Src\stm32f4xx_hal_flash_ramfunc.o Drivers\STM32F4xx_HAL_Driver\Src\stm32f4xx_hal_gpio.o Drivers\STM32F4xx_HAL_Driver\Src\stm32f4xx_hal_pwr.o Drivers\STM32F4xx_HAL_Driver\Src\stm32f4xx_hal_pwr_ex.o Drivers\STM32F4xx_HAL_Driver\Src\stm32f4xx_hal_rcc.o Drivers\STM32F4xx_HAL_Driver\Src\stm32f4xx_hal_rcc_ex.o Drivers\STM32F4xx_HAL_Driver\Src\stm32f4xx_hal_tim.o Drivers\STM32F4xx_HAL_Driver\Src\stm32f4xx_hal_tim_ex.o Src\main.o Src\stm32f4xx_hal_msp.o Src\stm32f4xx_it.o Src\syscalls.o Src\sysmem.o Src\system_stm32f4xx.o Startup\startup_stm32f407vgtx.o -mcpu=cortex-m4 -T\\AD.UILLINOIS.EDU\engr-ews\palella2\documents\ECE395_palella2\workspace\messingWithADC\STM32F407VGTX_FLASH.ld --specs=nosys.specs -Wl,-Map=messingWithADC.map -Wl,--gc-sections -static --specs=nano.specs -mfpu=fpv4-sp-d16 -mfloat-abi=hard -mthumb -Wl,--start-group -lc -lm -Wl,--end-group 
Info: Parallel threads used: 4
19:23:18 **** Incremental Build of configuration Debug for project messingWithADC ****
Info: Internal Builder is used for build
Info: Parallel threads used: 0
19:29:24 **** Incremental Build of configuration Debug for project messingWithADC ****
Info: Internal Builder is used for build
Info: Parallel threads used: 0
21:19:07 **** Incremental Build of configuration Debug for project SineGenerate ****
Info: Internal Builder is used for build
Info: Parallel threads used: 0
21:19:08 **** Incremental Build of configuration Debug for project messingWithADC ****
Info: Internal Builder is used for build
Info: Parallel threads used: 0
21:19:38 **** Incremental Build of configuration Debug for project messingWithADC ****
Info: Internal Builder is used for build
Info: Parallel threads used: 0
21:37:51 **** Incremental Build of configuration Debug for project messingWithADC ****
Info: Internal Builder is used for build
Info: Parallel threads used: 0
21:38:03 **** Incremental Build of configuration Debug for project messingWithADC ****
Info: Internal Builder is used for build
Info: Parallel threads used: 0
